[23:23:46] [ServerMain/INFO]: [bootstrap] Running Java 21 (OpenJDK 64-Bit Server VM 21.0.6+7-Ubuntu-120.04.1; Ubuntu null) on Linux 6.8.0-1021-azure (amd64)
[23:23:46] [ServerMain/INFO]: [bootstrap] Loading Paper 1.21-130-master@b1b5d4c (2024-08-10T10:02:42Z) for Minecraft 1.21
[23:23:46] [ServerMain/INFO]: [PluginInitializerManager] Initializing plugins...
[23:23:47] [ServerMain/INFO]: [PluginInitializerManager] Initialized 0 plugins
[23:23:48] [Paper Plugin Remapper Thread - 0/INFO]: [ReobfServer] Remapping server...
[23:23:53] [ServerMain/INFO]: Environment: Environment[sessionHost=https://sessionserver.mojang.com, servicesHost=https://api.minecraftservices.com, name=PROD]
[23:23:54] [ServerMain/INFO]: Found new data pack file/bukkit, loading it automatically
[23:23:54] [ServerMain/INFO]: Found new data pack paper, loading it automatically
[23:23:55] [ServerMain/INFO]: No existing world data, creating new world
[23:23:56] [Paper Plugin Remapper Thread - 0/INFO]: [ReobfServer] Done remapping server in 7939ms.
[23:23:56] [ServerMain/INFO]: Loaded 1290 recipes
[23:23:56] [ServerMain/INFO]: Loaded 1399 advancements
[23:23:56] [Server thread/INFO]: Starting minecraft server version 1.21
[23:23:56] [Server thread/INFO]: Loading properties
[23:23:56] [Server thread/INFO]: This server is running Paper version 1.21-130-master@b1b5d4c (2024-08-10T10:02:42Z) (Implementing API version 1.21-R0.1-SNAPSHOT)
[23:23:57] [Server thread/INFO]: [spark] This server bundles the spark profiler. For more information please visit https://docs.papermc.io/paper/profiling
[23:23:57] [Server thread/INFO]: Server Ping Player Sample Count: 12
[23:23:57] [Server thread/INFO]: Using 4 threads for Netty based IO
[23:23:58] [Server thread/INFO]: [ChunkTaskScheduler] Chunk system is using 1 I/O threads, 1 worker threads, and population gen parallelism of 1 threads
[23:23:58] [Server thread/INFO]: Default game type: SURVIVAL
[23:23:58] [Server thread/INFO]: Generating keypair
[23:23:58] [Server thread/INFO]: Starting Minecraft server on *:25565
[23:23:58] [Server thread/INFO]: Using epoll channel type
[23:23:58] [Server thread/INFO]: Paper: Using libdeflate (Linux x86_64) compression from Velocity.
[23:23:58] [Server thread/INFO]: Paper: Using OpenSSL 1.1.x (Linux x86_64) cipher from Velocity.
[23:23:58] [Server thread/WARN]: **** SERVER IS RUNNING IN OFFLINE/INSECURE MODE!
[23:23:58] [Server thread/WARN]: The server will make no attempt to authenticate usernames. Beware.
[23:23:58] [Server thread/WARN]: While this makes the game possible to play without internet access, it also opens up the ability for hackers to connect with any username they choose.
[23:23:58] [Server thread/WARN]: To change this, set "online-mode" to "true" in the server.properties file.
[23:23:58] [Server thread/INFO]: Preparing level "world"
[23:24:08] [Server thread/INFO]: Preparing start region for dimension minecraft:overworld
[23:24:13] [Server thread/INFO]: Time elapsed: 5192 ms
[23:24:13] [Server thread/INFO]: Preparing start region for dimension minecraft:the_nether
[23:24:15] [Server thread/INFO]: Time elapsed: 1560 ms
[23:24:15] [Server thread/INFO]: Preparing start region for dimension minecraft:the_end
[23:24:15] [Server thread/INFO]: Time elapsed: 516 ms
[23:24:15] [Server thread/INFO]: [spark] Starting background profiler...
[23:24:15] [Server thread/INFO]: Done preparing level "world" (16.991s)
[23:24:15] [Server thread/INFO]: Running delayed init tasks
[23:24:15] [Server thread/INFO]: Done (29.978s)! For help, type "help"
[23:24:15] [Server thread/INFO]: *************************************************************************************
[23:24:15] [Server thread/INFO]: This is the first time you're starting this server.
[23:24:15] [Server thread/INFO]: It's recommended you read our 'Getting Started' documentation for guidance.
[23:24:15] [Server thread/INFO]: View this and more helpful information here: https://docs.papermc.io/paper/next-steps
[23:24:15] [Server thread/INFO]: *************************************************************************************
[23:24:15] [Server thread/INFO]: Timings Reset
